<?xml version="1.0" encoding="utf-8"?><testsuites><testsuite name="pytest" errors="0" failures="0" skipped="0" tests="5" time="0.458" timestamp="2023-10-28T01:08:07.233560" hostname="DESKTOP-ALACDRS"><testcase classname="tests.test_bytebank.TestClass" name="test_quando_idade_recebe_03_02_1997_deve_retornar_26" time="0.013" /><testcase classname="tests.test_bytebank.TestClass" name="test_quando_sobrenome_recebe_Matheus_Fontenele_deve_retornar_Fontenele" time="0.003" /><testcase classname="tests.test_bytebank.TestClass" name="test_quando_decrescimo_salario_recebe_100000_deve_retornar_90000" time="0.007" /><testcase classname="tests.test_bytebank.TestClass" name="test_quando_calcular_bonus_recebe_1000_deve_retornar_100" time="0.002" /><testcase classname="tests.test_bytebank.TestClass" name="test_quando_calcular_bonus_recebe_1000000_deve_retornar_exception" time="0.002" /></testsuite></testsuites>